<?xml version="1.0" encoding="UTF-8"?>
<testng-results ignored="0" total="1" passed="1" failed="0" skipped="0">
  <reporter-output>
  </reporter-output>
  <suite started-at="2022-04-21T17:50:21 BDT" name="Default suite" finished-at="2022-04-21T17:52:42 BDT" duration-ms="140402">
    <groups>
    </groups>
    <test started-at="2022-04-21T17:50:21 BDT" name="Default test" finished-at="2022-04-21T17:52:42 BDT" duration-ms="140402">
      <class name="testCase.transPort_Mgmt">
        <test-method is-config="true" signature="driverOpen()[pri:0, instance:testCase.transPort_Mgmt@66f57048]" started-at="2022-04-21T17:50:16 BDT" name="driverOpen" finished-at="2022-04-21T17:50:21 BDT" duration-ms="5749" status="PASS">
          <reporter-output>
          </reporter-output>
        </test-method> <!-- driverOpen -->
        <test-method signature="transPort()[pri:0, instance:testCase.transPort_Mgmt@66f57048]" started-at="2022-04-21T17:50:22 BDT" name="transPort" finished-at="2022-04-21T17:52:42 BDT" duration-ms="140310" status="PASS">
          <reporter-output>
          </reporter-output>
        </test-method> <!-- transPort -->
        <test-method is-config="true" signature="driverClose()[pri:0, instance:testCase.transPort_Mgmt@66f57048]" started-at="2022-04-21T17:52:42 BDT" name="driverClose" finished-at="2022-04-21T17:52:44 BDT" duration-ms="2223" status="PASS">
          <reporter-output>
          </reporter-output>
        </test-method> <!-- driverClose -->
      </class> <!-- testCase.transPort_Mgmt -->
    </test> <!-- Default test -->
  </suite> <!-- Default suite -->
</testng-results>
